<?xml version="1.0" encoding="UTF-8"?>
<!-- Generated by org.testng.reporters.JUnitReportReporter -->
<testsuite hostname="LAPTOP-1A8RME7V" failures="0" tests="1" name="testNG_programs.TestNG_BasicPrgm" time="0.010" errors="0" timestamp="2025-06-10T16:59:27 IST" skipped="0">
  <testcase classname="testNG_programs.TestNG_BasicPrgm" name="ts1" time="0.010"/>
</testsuite> <!-- testNG_programs.TestNG_BasicPrgm -->
